<?xml version="1.0" encoding="UTF-8"?>
<!-- Generated by org.testng.reporters.JUnitReportReporter -->
<testsuite hostname="DESKTOP-DLOSR1I" failures="0" tests="1" name="testscripts.regression.ValidateLoginKeyWords" time="8.336" errors="0" timestamp="2024-07-09T16:39:35 IST" skipped="0">
  <testcase classname="testscripts.regression.ValidateLoginKeyWords" name="validateLoginTest" time="8.336"/>
</testsuite> <!-- testscripts.regression.ValidateLoginKeyWords -->
