<?xml version="1.0" encoding="UTF-8"?>
<!-- Generated by org.testng.reporters.JUnitReportReporter -->
<testsuite hostname="DESKTOP-DLOSR1I" failures="0" tests="1" name="testscripts.regression.ValidateLoginUsingPOM2" time="33.874" errors="0" timestamp="2024-07-11T22:21:25 IST" skipped="0">
  <testcase classname="testscripts.regression.ValidateLoginUsingPOM2" name="validateLogin" time="33.874"/>
</testsuite> <!-- testscripts.regression.ValidateLoginUsingPOM2 -->
