<?xml version="1.0" encoding="UTF-8"?>
<!-- Generated by org.testng.reporters.JUnitReportReporter -->
<testsuite hostname="DESKTOP-DLOSR1I" failures="0" tests="4" name="testscripts.regression.ValidateLogin" time="43.776" errors="0" timestamp="2024-07-27T12:06:25 IST" skipped="0">
  <testcase classname="testscripts.regression.ValidateLogin" name="validateLogin" time="8.611"/>
  <testcase classname="testscripts.regression.ValidateLogin" name="validateLogin" time="15.536"/>
  <testcase classname="testscripts.regression.ValidateLogin" name="validateLogin" time="11.736"/>
  <testcase classname="testscripts.regression.ValidateLogin" name="validateLogin" time="7.893"/>
</testsuite> <!-- testscripts.regression.ValidateLogin -->
