<?xml version="1.0" encoding="UTF-8"?>
<!-- Generated by org.testng.reporters.JUnitReportReporter -->
<testsuite hostname="DESKTOP-DLOSR1I" failures="0" tests="1" name="testscripts.regression.ValidateLoginKeyWordsDataMap" time="8.327" errors="0" timestamp="2024-07-09T23:04:57 IST" skipped="0">
  <testcase classname="testscripts.regression.ValidateLoginKeyWordsDataMap" name="validateLoginTest" time="8.327"/>
</testsuite> <!-- testscripts.regression.ValidateLoginKeyWordsDataMap -->
