<?xml version="1.0" encoding="UTF-8"?>
<!-- Generated by org.testng.reporters.JUnitReportReporter -->
<testsuite hostname="DESKTOP-DLOSR1I" failures="0" tests="1" name="testscripts.regression.ValidateRegistration" time="43.507" errors="0" timestamp="2024-07-09T23:08:53 IST" skipped="0">
  <testcase classname="testscripts.regression.ValidateRegistration" name="validateLoginTest" time="43.507"/>
</testsuite> <!-- testscripts.regression.ValidateRegistration -->
