<?xml version="1.0" encoding="UTF-8"?>
<!-- Generated by org.testng.reporters.JUnitReportReporter -->
<testsuite hostname="DESKTOP-DLOSR1I" failures="0" tests="1" name="testscripts.regression.ValidateRegistartionUsingPOM" time="31.224" errors="0" timestamp="2024-07-11T22:48:58 IST" skipped="0">
  <testcase classname="testscripts.regression.ValidateRegistartionUsingPOM" name="newUserRegistration" time="31.224"/>
</testsuite> <!-- testscripts.regression.ValidateRegistartionUsingPOM -->
