<?xml version="1.0" encoding="UTF-8"?>
<!-- Generated by org.testng.reporters.JUnitReportReporter -->
<testsuite hostname="DESKTOP-DLOSR1I" failures="0" tests="1" name="testscripts.regression.ValidateLoginExcel" time="10.867" errors="0" timestamp="2024-07-09T09:42:31 IST" skipped="0">
  <testcase classname="testscripts.regression.ValidateLoginExcel" name="validateLogin" time="10.867"/>
</testsuite> <!-- testscripts.regression.ValidateLoginExcel -->
