<?xml version="1.0" encoding="UTF-8"?>
<!-- Generated by org.testng.reporters.JUnitReportReporter -->
<testsuite hostname="DESKTOP-DLOSR1I" failures="0" tests="1" name="testscripts.regression.ValidateLoginUsingHybrid" time="11.972" errors="0" timestamp="2024-07-09T16:28:54 IST" skipped="0">
  <testcase classname="testscripts.regression.ValidateLoginUsingHybrid" name="validateLoginTest" time="11.972"/>
</testsuite> <!-- testscripts.regression.ValidateLoginUsingHybrid -->
