<?xml version="1.0" encoding="UTF-8"?>
<!-- Generated by org.testng.reporters.JUnitReportReporter -->
<testsuite hostname="DESKTOP-DLOSR1I" failures="0" tests="1" name="testscripts.regression.ValidateLoginUsingPOM" time="13.281" errors="0" timestamp="2024-07-11T21:49:48 IST" skipped="0">
  <testcase classname="testscripts.regression.ValidateLoginUsingPOM" name="validateLogin" time="13.281"/>
</testsuite> <!-- testscripts.regression.ValidateLoginUsingPOM -->
