<?xml version="1.0" encoding="UTF-8"?>
<!-- Generated by org.testng.reporters.JUnitReportReporter -->
<testsuite hostname="DESKTOP-DLOSR1I" failures="0" tests="4" name="testscripts.regression.ValidateLogin" time="78.174" errors="0" timestamp="2024-07-27T16:47:59 IST" skipped="0">
  <testcase classname="testscripts.regression.ValidateLogin" name="validateLogin" time="12.047"/>
  <testcase classname="testscripts.regression.ValidateLogin" name="validateLogin" time="20.518"/>
  <testcase classname="testscripts.regression.ValidateLogin" name="validateLogin" time="23.100"/>
  <testcase classname="testscripts.regression.ValidateLogin" name="validateLogin" time="22.509"/>
</testsuite> <!-- testscripts.regression.ValidateLogin -->
